c:\users\pichau\documents\github\se2-atv\freertosv9.0.0\freertos\demo\win32-msvc-atividade_01_alunos\debug\vc142.pdb
c:\users\pichau\documents\github\se2-atv\freertosv9.0.0\freertos\demo\win32-msvc-atividade_01_alunos\debug\vc142.idb
c:\users\pichau\documents\github\se2-atv\freertosv9.0.0\freertos\demo\win32-msvc-atividade_01_alunos\debug\trcbase.obj
c:\users\pichau\documents\github\se2-atv\freertosv9.0.0\freertos\demo\win32-msvc-atividade_01_alunos\debug\trchardwareport.obj
c:\users\pichau\documents\github\se2-atv\freertosv9.0.0\freertos\demo\win32-msvc-atividade_01_alunos\debug\trckernel.obj
c:\users\pichau\documents\github\se2-atv\freertosv9.0.0\freertos\demo\win32-msvc-atividade_01_alunos\debug\trckernelport.obj
c:\users\pichau\documents\github\se2-atv\freertosv9.0.0\freertos\demo\win32-msvc-atividade_01_alunos\debug\trcuser.obj
c:\users\pichau\documents\github\se2-atv\freertosv9.0.0\freertos\demo\win32-msvc-atividade_01_alunos\debug\croutine.obj
c:\users\pichau\documents\github\se2-atv\freertosv9.0.0\freertos\demo\win32-msvc-atividade_01_alunos\debug\event_groups.obj
c:\users\pichau\documents\github\se2-atv\freertosv9.0.0\freertos\demo\win32-msvc-atividade_01_alunos\debug\heap_5.obj
c:\users\pichau\documents\github\se2-atv\freertosv9.0.0\freertos\demo\win32-msvc-atividade_01_alunos\debug\timers.obj
c:\users\pichau\documents\github\se2-atv\freertosv9.0.0\freertos\demo\win32-msvc-atividade_01_alunos\debug\basic_io.obj
c:\users\pichau\documents\github\se2-atv\freertosv9.0.0\freertos\demo\win32-msvc-atividade_01_alunos\debug\example.obj
c:\users\pichau\documents\github\se2-atv\freertosv9.0.0\freertos\demo\win32-msvc-atividade_01_alunos\debug\hal.obj
c:\users\pichau\documents\github\se2-atv\freertosv9.0.0\freertos\demo\win32-msvc-atividade_01_alunos\debug\main.obj
c:\users\pichau\documents\github\se2-atv\freertosv9.0.0\freertos\demo\win32-msvc-atividade_01_alunos\debug\list.obj
c:\users\pichau\documents\github\se2-atv\freertosv9.0.0\freertos\demo\win32-msvc-atividade_01_alunos\debug\port.obj
c:\users\pichau\documents\github\se2-atv\freertosv9.0.0\freertos\demo\win32-msvc-atividade_01_alunos\debug\queue.obj
c:\users\pichau\documents\github\se2-atv\freertosv9.0.0\freertos\demo\win32-msvc-atividade_01_alunos\debug\tasks.obj
c:\users\pichau\documents\github\se2-atv\freertosv9.0.0\freertos\demo\win32-msvc-atividade_01_alunos\debug\run-time-stats-utils.obj
c:\users\pichau\documents\github\se2-atv\freertosv9.0.0\freertos\demo\win32-msvc-atividade_01_alunos\debug\atividade_01_alunos.ilk
c:\users\pichau\documents\github\se2-atv\freertosv9.0.0\freertos\demo\win32-msvc-atividade_01_alunos\debug\win32.pdb
c:\users\pichau\documents\github\se2-atv\freertosv9.0.0\freertos\demo\win32-msvc-atividade_01_alunos\.\debug\atividade_01_alunos.exe
c:\users\pichau\documents\github\se2-atv\freertosv9.0.0\freertos\demo\win32-msvc-atividade_01_alunos\debug\atividad.c686325e.tlog\cl.command.1.tlog
c:\users\pichau\documents\github\se2-atv\freertosv9.0.0\freertos\demo\win32-msvc-atividade_01_alunos\debug\atividad.c686325e.tlog\cl.read.1.tlog
c:\users\pichau\documents\github\se2-atv\freertosv9.0.0\freertos\demo\win32-msvc-atividade_01_alunos\debug\atividad.c686325e.tlog\cl.write.1.tlog
c:\users\pichau\documents\github\se2-atv\freertosv9.0.0\freertos\demo\win32-msvc-atividade_01_alunos\debug\atividad.c686325e.tlog\link.command.1.tlog
c:\users\pichau\documents\github\se2-atv\freertosv9.0.0\freertos\demo\win32-msvc-atividade_01_alunos\debug\atividad.c686325e.tlog\link.read.1.tlog
c:\users\pichau\documents\github\se2-atv\freertosv9.0.0\freertos\demo\win32-msvc-atividade_01_alunos\debug\atividad.c686325e.tlog\link.write.1.tlog
